proguard_logs/mapping.txt
com.treb.reviewsearcher.MainActivity -> com.treb.reviewsearcher.MainActivity:
    com.treb.reviewsearcher.SearchResultArrayAdapter searchResultArrayAdapter -> a
    android.app.ProgressDialog progressDialog -> b
    void <init>() -> <init>
    void onCreate(android.os.Bundle) -> onCreate
    boolean onCreateOptionsMenu(android.view.Menu) -> onCreateOptionsMenu
    boolean onOptionsItemSelected(android.view.MenuItem) -> onOptionsItemSelected
    void onActivityResult(int,int,android.content.Intent) -> onActivityResult
    void displayProgressMessage(java.lang.String,android.os.AsyncTask) -> a
    void hideProgressDialog() -> a
    void showSearchResults(java.util.ArrayList) -> a
    void searchForProduct(java.lang.String) -> a
    void showToast(java.lang.String) -> b
    void access$000(com.treb.reviewsearcher.MainActivity) -> a
    android.app.ProgressDialog access$100(com.treb.reviewsearcher.MainActivity) -> b
    com.treb.reviewsearcher.SearchResultArrayAdapter access$200(com.treb.reviewsearcher.MainActivity) -> c
com.treb.reviewsearcher.MainActivity$1 -> com.treb.reviewsearcher.a:
    com.treb.reviewsearcher.MainActivity this$0 -> a
    void <init>(com.treb.reviewsearcher.MainActivity) -> <init>
    void onClick(android.view.View) -> onClick
com.treb.reviewsearcher.MainActivity$2 -> com.treb.reviewsearcher.b:
    com.treb.reviewsearcher.MainActivity this$0 -> a
    void <init>(com.treb.reviewsearcher.MainActivity) -> <init>
    void onClick(android.view.View) -> onClick
com.treb.reviewsearcher.MainActivity$3 -> com.treb.reviewsearcher.c:
    com.treb.reviewsearcher.MainActivity this$0 -> a
    void <init>(com.treb.reviewsearcher.MainActivity) -> <init>
    boolean onKey(android.view.View,int,android.view.KeyEvent) -> onKey
com.treb.reviewsearcher.MainActivity$4 -> com.treb.reviewsearcher.d:
    android.os.AsyncTask val$cancellableTask -> a
    com.treb.reviewsearcher.MainActivity this$0 -> b
    void <init>(com.treb.reviewsearcher.MainActivity,android.os.AsyncTask) -> <init>
    void onClick(android.content.DialogInterface,int) -> onClick
com.treb.reviewsearcher.MainActivity$5 -> com.treb.reviewsearcher.e:
    com.treb.reviewsearcher.MainActivity this$0 -> a
    void <init>(com.treb.reviewsearcher.MainActivity) -> <init>
    void run() -> run
com.treb.reviewsearcher.MainActivity$6 -> com.treb.reviewsearcher.f:
    com.treb.reviewsearcher.MainActivity this$0 -> a
    void <init>(com.treb.reviewsearcher.MainActivity) -> <init>
    void run() -> run
com.treb.reviewsearcher.MainActivity$7 -> com.treb.reviewsearcher.g:
    java.lang.String val$message -> a
    com.treb.reviewsearcher.MainActivity this$0 -> b
    void <init>(com.treb.reviewsearcher.MainActivity,java.lang.String) -> <init>
    void run() -> run
com.treb.reviewsearcher.RefinmentSelection -> com.treb.reviewsearcher.h:
    com.treb.reviewsearcher.RefinmentSelection ALL -> a
    com.treb.reviewsearcher.RefinmentSelection MOVIES -> b
    com.treb.reviewsearcher.RefinmentSelection GAMES -> c
    com.treb.reviewsearcher.RefinmentSelection ALBUMS -> d
    com.treb.reviewsearcher.RefinmentSelection TV_SHOWS -> e
    com.treb.reviewsearcher.RefinmentSelection PERSON -> f
    com.treb.reviewsearcher.RefinmentSelection TRAILERS -> g
    com.treb.reviewsearcher.RefinmentSelection COMPANIES -> h
    java.lang.String value -> i
    java.lang.String searchQuery -> j
    com.treb.reviewsearcher.RefinmentSelection[] $VALUES -> k
    com.treb.reviewsearcher.RefinmentSelection[] values() -> values
    com.treb.reviewsearcher.RefinmentSelection valueOf(java.lang.String) -> valueOf
    void <init>(java.lang.String,int,java.lang.String,java.lang.String) -> <init>
    java.lang.String getSearchQuery() -> a
    java.lang.String toString() -> toString
    void <clinit>() -> <clinit>
...
org.htmlcleaner.HtmlCleaner$1 -> a.a.k:
    org.htmlcleaner.HtmlCleaner$CleanTimeValues val$cleanTimeValues -> a
    org.htmlcleaner.HtmlCleaner this$0 -> b
    void <init>(org.htmlcleaner.HtmlCleaner,java.io.Reader,org.htmlcleaner.CleanerProperties,org.htmlcleaner.CleanerTransformations,org.htmlcleaner.ITagInfoProvider,org.htmlcleaner.HtmlCleaner$CleanTimeValues) -> <init>
    void makeTree(java.util.List) -> a
    org.htmlcleaner.TagNode createTagNode(java.lang.String) -> a
org.htmlcleaner.HtmlCleaner$CleanTimeValues -> a.a.l:
    org.htmlcleaner.HtmlCleaner$OpenTags _openTags -> b
    boolean _headOpened -> c
    boolean _bodyOpened -> d
    java.util.Set _headTags -> e
    java.util.Set allTags -> f
    org.htmlcleaner.TagNode htmlNode -> g
    org.htmlcleaner.TagNode bodyNode -> h
    org.htmlcleaner.TagNode headNode -> i
    org.htmlcleaner.TagNode rootNode -> j
    java.util.Set pruneTagSet -> k
    java.util.Set pruneNodeSet -> l
    org.htmlcleaner.HtmlCleaner this$0 -> a
    void <init>(org.htmlcleaner.HtmlCleaner) -> <init>
    void <init>(org.htmlcleaner.HtmlCleaner,byte) -> <init>
    org.htmlcleaner.HtmlCleaner$OpenTags access$402(org.htmlcleaner.HtmlCleaner$CleanTimeValues,org.htmlcleaner.HtmlCleaner$OpenTags) -> a
    boolean access$602(org.htmlcleaner.HtmlCleaner$CleanTimeValues,boolean) -> a
    boolean access$702(org.htmlcleaner.HtmlCleaner$CleanTimeValues,boolean) -> b
    java.util.Set access$800(org.htmlcleaner.HtmlCleaner$CleanTimeValues) -> a
    java.util.Set access$900(org.htmlcleaner.HtmlCleaner$CleanTimeValues) -> b
    org.htmlcleaner.TagNode access$1002(org.htmlcleaner.HtmlCleaner$CleanTimeValues,org.htmlcleaner.TagNode) -> a
    org.htmlcleaner.TagNode access$1102(org.htmlcleaner.HtmlCleaner$CleanTimeValues,org.htmlcleaner.TagNode) -> b
    org.htmlcleaner.TagNode access$1202(org.htmlcleaner.HtmlCleaner$CleanTimeValues,org.htmlcleaner.TagNode) -> c
org.htmlcleaner.HtmlCleaner$OpenTags -> a.a.m:
    java.util.List list -> b
    org.htmlcleaner.HtmlCleaner$TagPos last -> c
    java.util.Set set -> d
    org.htmlcleaner.HtmlCleaner this$0 -> a
    void <init>(org.htmlcleaner.HtmlCleaner) -> <init>
    boolean isEmpty() -> a
    org.htmlcleaner.HtmlCleaner$TagPos findTag(java.lang.String) -> a
    void <init>(org.htmlcleaner.HtmlCleaner,byte) -> <init>
    boolean access$1700(org.htmlcleaner.HtmlCleaner$OpenTags,java.lang.String) -> a
    org.htmlcleaner.HtmlCleaner$TagPos access$1800(org.htmlcleaner.HtmlCleaner$OpenTags,java.lang.String) -> b
    java.util.List access$2000(org.htmlcleaner.HtmlCleaner$OpenTags) -> a
    org.htmlcleaner.HtmlCleaner$TagPos access$2100(org.htmlcleaner.HtmlCleaner$OpenTags) -> b
    org.htmlcleaner.HtmlCleaner$TagPos access$2200(org.htmlcleaner.HtmlCleaner$OpenTags) -> c
    boolean access$2300(org.htmlcleaner.HtmlCleaner$OpenTags) -> d
    boolean access$2400(org.htmlcleaner.HtmlCleaner$OpenTags,java.util.Set) -> a
    boolean access$2500(org.htmlcleaner.HtmlCleaner$OpenTags,java.lang.String) -> c
    void access$2600(org.htmlcleaner.HtmlCleaner$OpenTags,java.lang.String,int) -> a
    void access$2700(org.htmlcleaner.HtmlCleaner$OpenTags,java.lang.String) -> d
    org.htmlcleaner.HtmlCleaner$TagPos access$2800(org.htmlcleaner.HtmlCleaner$OpenTags) -> e
org.htmlcleaner.HtmlCleaner$TagPos -> a.a.n:
    int position -> b
    java.lang.String name -> c
    org.htmlcleaner.TagInfo info -> d
    org.htmlcleaner.HtmlCleaner this$0 -> a
    void <init>(org.htmlcleaner.HtmlCleaner,int,java.lang.String) -> <init>
    java.lang.String access$100(org.htmlcleaner.HtmlCleaner$TagPos) -> a
    org.htmlcleaner.TagInfo access$200(org.htmlcleaner.HtmlCleaner$TagPos) -> b
    int access$1900(org.htmlcleaner.HtmlCleaner$TagPos) -> c
org.htmlcleaner.HtmlCleanerException -> a.a.o:
    void <init>() -> <init>
    void <init>(java.lang.String) -> <init>