proguard_logs/usage.txt
com.treb.reviewsearcher.BuildConfig
com.treb.reviewsearcher.Constants
com.treb.reviewsearcher.MainActivity:
    private static final java.lang.String PREFS_NAME
com.treb.reviewsearcher.R
com.treb.reviewsearcher.R$attr
com.treb.reviewsearcher.R$drawable
com.treb.reviewsearcher.R$id
com.treb.reviewsearcher.R$layout
com.treb.reviewsearcher.R$menu
com.treb.reviewsearcher.R$string
com.treb.reviewsearcher.Review:
    private static final long serialVersionUID
    63:80:public static com.treb.reviewsearcher.Review fromString(java.lang.String)
com.treb.reviewsearcher.productReview.CriticReviewLoader
com.treb.reviewsearcher.productReview.DetailedProductReview:
    60:60:public java.util.List getCriticReviews()
    70:70:public java.util.List getUserReviews()
com.treb.reviewsearcher.productReview.DetailedProductReviewLoader:
    139:141:public void addCriticReviews(java.util.List)
    145:147:public void addUserReviews(java.util.List)
com.treb.reviewsearcher.productReview.SubmittedProductReview
com.treb.reviewsearcher.productReview.UserReviewLoader
com.treb.reviewsearcher.productsearcher.GoogleSearcher:
    private static final java.lang.String GOOGLE_QUERY
com.treb.reviewsearcher.productsearcher.MetacriticSearcher:
    private static final java.lang.String SearchURL
com.treb.reviewsearcher.scanner.IntentIntegrator:
    public static final int REQUEST_CODE
    public static final java.lang.String DEFAULT_TITLE
    public static final java.lang.String DEFAULT_MESSAGE
    public static final java.lang.String DEFAULT_YES
    public static final java.lang.String DEFAULT_NO
    private static final java.lang.String BS_PACKAGE
    146:146:public java.lang.String getTitle()
    151:152:public void setTitle(java.lang.String)
    156:157:public void setTitleByID(int)
    161:161:public java.lang.String getMessage()
    166:167:public void setMessage(java.lang.String)
    171:172:public void setMessageByID(int)
    176:176:public java.lang.String getButtonYes()
    181:182:public void setButtonYes(java.lang.String)
    186:187:public void setButtonYesByID(int)
    191:191:public java.lang.String getButtonNo()
    196:197:public void setButtonNo(java.lang.String)
    201:202:public void setButtonNoByID(int)
    206:206:public java.util.Collection getTargetApplications()
    211:212:public void setTargetApplications(java.util.Collection)
    216:217:public void setSingleTargetApplication(java.lang.String)
    372:388:public void shareText(java.lang.CharSequence)
com.treb.reviewsearcher.scanner.IntentResult:
    64:64:public java.lang.String getFormatName()
    72:72:public byte[] getRawBytes()
    80:80:public java.lang.Integer getOrientation()
    88:88:public java.lang.String getErrorCorrectionLevel()
com.treb.reviewsearcher.serializer.ReviewSerializer
...
com.google.zxing.aztec.detector.Detector$1
com.google.zxing.aztec.detector.Detector$Point
com.google.zxing.client.result.AbstractDoCoMoResultParser
com.google.zxing.client.result.AddressBookAUResultParser
com.google.zxing.client.result.AddressBookDoCoMoResultParser
com.google.zxing.client.result.AddressBookParsedResult
com.google.zxing.client.result.BizcardResultParser
com.google.zxing.client.result.BookmarkDoCoMoResultParser
com.google.zxing.client.result.CalendarParsedResult
com.google.zxing.client.result.EmailAddressParsedResult
com.google.zxing.client.result.EmailAddressResultParser
com.google.zxing.client.result.EmailDoCoMoResultParser
com.google.zxing.client.result.ExpandedProductParsedResult
com.google.zxing.client.result.ExpandedProductResultParser
com.google.zxing.client.result.GeoParsedResult
com.google.zxing.client.result.GeoResultParser
com.google.zxing.client.result.ISBNParsedResult
com.google.zxing.client.result.ISBNResultParser
com.google.zxing.client.result.ParsedResult
com.google.zxing.client.result.ParsedResultType
com.google.zxing.client.result.ProductParsedResult
com.google.zxing.client.result.ProductResultParser
com.google.zxing.client.result.ResultParser
com.google.zxing.client.result.SMSMMSResultParser
com.google.zxing.client.result.SMSParsedResult
com.google.zxing.client.result.SMSTOMMSTOResultParser
com.google.zxing.client.result.SMTPResultParser
com.google.zxing.client.result.TelParsedResult
com.google.zxing.client.result.TelResultParser
com.google.zxing.client.result.TextParsedResult
com.google.zxing.client.result.URIParsedResult
com.google.zxing.client.result.URIResultParser
com.google.zxing.client.result.URLTOResultParser
com.google.zxing.client.result.VCardResultParser
com.google.zxing.client.result.VEventResultParser
com.google.zxing.client.result.WifiParsedResult
com.google.zxing.client.result.WifiResultParser
com.google.zxing.common.BitArray
com.google.zxing.common.BitMatrix
com.google.zxing.common.BitSource
com.google.zxing.common.CharacterSetECI
com.google.zxing.common.DecoderResult
com.google.zxing.common.DefaultGridSampler
com.google.zxing.common.DetectorResult
com.google.zxing.common.GlobalHistogramBinarizer
com.google.zxing.common.GridSampler
com.google.zxing.common.HybridBinarizer
com.google.zxing.common.PerspectiveTransform
com.google.zxing.common.StringUtils
com.google.zxing.common.detector.MonochromeRectangleDetector
com.google.zxing.common.detector.WhiteRectangleDetector
com.google.zxing.common.reedsolomon.GenericGF
com.google.zxing.common.reedsolomon.GenericGFPoly
com.google.zxing.common.reedsolomon.ReedSolomonDecoder
com.google.zxing.common.reedsolomon.ReedSolomonEncoder
com.google.zxing.common.reedsolomon.ReedSolomonException
com.google.zxing.datamatrix.DataMatrixReader
com.google.zxing.datamatrix.decoder.BitMatrixParser
com.google.zxing.datamatrix.decoder.DataBlock
com.google.zxing.datamatrix.decoder.DecodedBitStreamParser
com.google.zxing.datamatrix.decoder.DecodedBitStreamParser$1
com.google.zxing.datamatrix.decoder.DecodedBitStreamParser$Mode
com.google.zxing.datamatrix.decoder.Decoder
com.google.zxing.datamatrix.decoder.Version
com.google.zxing.datamatrix.decoder.Version$1
com.google.zxing.datamatrix.decoder.Version$ECB
com.google.zxing.datamatrix.decoder.Version$ECBlocks
com.google.zxing.datamatrix.detector.Detector
com.google.zxing.datamatrix.detector.Detector$1
com.google.zxing.datamatrix.detector.Detector$ResultPointsAndTransitions
com.google.zxing.datamatrix.detector.Detector$ResultPointsAndTransitionsComparator
com.google.zxing.maxicode.MaxiCodeReader
com.google.zxing.maxicode.decoder.BitMatrixParser
com.google.zxing.maxicode.decoder.DecodedBitStreamParser
com.google.zxing.maxicode.decoder.Decoder
com.google.zxing.multi.ByQuadrantReader
com.google.zxing.multi.GenericMultipleBarcodeReader
com.google.zxing.multi.MultipleBarcodeReader
com.google.zxing.multi.qrcode.QRCodeMultiReader
com.google.zxing.multi.qrcode.detector.MultiDetector